This is pdfTeX, Version 3.14159265-2.6-1.40.20 (TeX Live 2019/W32TeX) (preloaded format=pdflatex 2019.9.13)  13 SEP 2019 16:16
entering extended mode
 restricted \write18 enabled.
 %&-line parsing enabled.
**aeroconf2020_v2_kpv.tex
(./aeroconf2020_v2_kpv.tex
LaTeX2e <2018-12-01>
(./IEEEAerospaceCLS.cls
Document Class: IEEEAerospaceCLS 2012/12/10 IEEE Aerospace Conference 2012 docu
ment class
Document Style `IEEEAerospaceCLS' <December 10, 2012>.
(c:/texlive/2019/texmf-dist/tex/latex/psnfss/times.sty
Package: times 2005/04/12 PSNFSS-v9.2a (SPQR) 
)
(c:/texlive/2019/texmf-dist/tex/latex/graphics/color.sty
Package: color 2016/07/10 v1.1e Standard LaTeX Color (DPC)

(c:/texlive/2019/texmf-dist/tex/latex/graphics-cfg/color.cfg
File: color.cfg 2016/01/02 v1.6 sample color configuration
)
Package color Info: Driver file: pdftex.def on input line 147.

(c:/texlive/2019/texmf-dist/tex/latex/graphics-def/pdftex.def
File: pdftex.def 2018/01/08 v1.0l Graphics/color driver for pdftex
))
(c:/texlive/2019/texmf-dist/tex/latex/tools/rawfonts.sty
Package: rawfonts 1994/05/08 Low-level LaTeX 2.09 font compatibility

(c:/texlive/2019/texmf-dist/tex/latex/tools/somedefs.sty
Package: somedefs 1994/06/01 v0.03 Toolkit for optional definitions
)
LaTeX Font Info:    Try loading font information for U+lasy on input line 49.

(c:/texlive/2019/texmf-dist/tex/latex/base/ulasy.fd
File: ulasy.fd 1998/08/17 v2.2e LaTeX symbol font definitions
))
(c:/texlive/2019/texmf-dist/tex/latex/base/oldlfont.sty
Package: oldlfont 2014/09/29 v2.2k Standard LaTeX package

(c:/texlive/2019/texmf-dist/tex/latex/base/tracefnt.sty
Package: tracefnt 2015/02/21 v3.0k Standard LaTeX package (font tracing)
\tracingfonts=\count80
LaTeX Info: Redefining \selectfont on input line 106.
)
\symbold=\mathgroup4
\symsans=\mathgroup5
\symtypewriter=\mathgroup6
\symitalic=\mathgroup7
\symsmallcaps=\mathgroup8
\symslanted=\mathgroup9
LaTeX Font Info:    Redeclaring math alphabet \mathbf on input line 61.
LaTeX Font Info:    Redeclaring math alphabet \mathsf on input line 62.
LaTeX Font Info:    Redeclaring math alphabet \mathtt on input line 63.
LaTeX Font Info:    Redeclaring math alphabet \mathit on input line 69.
LaTeX Info: Redefining \em on input line 79.

(c:/texlive/2019/texmf-dist/tex/latex/base/latexsym.sty
Package: latexsym 1998/08/17 v2.2e Standard LaTeX package (lasy symbols)
\symlasy=\mathgroup10
LaTeX Font Info:    Overwriting symbol font `lasy' in version `bold'
(Font)                  U/lasy/m/n --> U/lasy/b/n on input line 52.
))
(c:/texlive/2019/texmf-dist/tex/latex/geometry/geometry.sty
Package: geometry 2018/04/16 v5.8 Page Geometry

(c:/texlive/2019/texmf-dist/tex/latex/graphics/keyval.sty
Package: keyval 2014/10/28 v1.15 key=value parser (DPC)
\KV@toks@=\toks14
)
(c:/texlive/2019/texmf-dist/tex/generic/oberdiek/ifpdf.sty
Package: ifpdf 2018/09/07 v3.3 Provides the ifpdf switch
)
(c:/texlive/2019/texmf-dist/tex/generic/oberdiek/ifvtex.sty
Package: ifvtex 2016/05/16 v1.6 Detect VTeX and its facilities (HO)
Package ifvtex Info: VTeX not detected.
)
(c:/texlive/2019/texmf-dist/tex/generic/ifxetex/ifxetex.sty
Package: ifxetex 2010/09/12 v0.6 Provides ifxetex conditional
)
\Gm@cnth=\count81
\Gm@cntv=\count82
\c@Gm@tempcnt=\count83
\Gm@bindingoffset=\dimen102
\Gm@wd@mp=\dimen103
\Gm@odd@mp=\dimen104
\Gm@even@mp=\dimen105
\Gm@layoutwidth=\dimen106
\Gm@layoutheight=\dimen107
\Gm@layouthoffset=\dimen108
\Gm@layoutvoffset=\dimen109
\Gm@dimlist=\toks15
)
-- This is a 10 point document
\tmpitemindent=\dimen110
\c@section=\count84
\c@subsection=\count85
\captionindent=\skip41
\c@figure=\count86
\c@table=\count87
) (c:/texlive/2019/texmf-dist/tex/latex/graphics/graphicx.sty
Package: graphicx 2017/06/01 v1.1a Enhanced LaTeX Graphics (DPC,SPQR)

(c:/texlive/2019/texmf-dist/tex/latex/graphics/graphics.sty
Package: graphics 2017/06/25 v1.2c Standard LaTeX Graphics (DPC,SPQR)

(c:/texlive/2019/texmf-dist/tex/latex/graphics/trig.sty
Package: trig 2016/01/03 v1.10 sin cos tan (DPC)
)
(c:/texlive/2019/texmf-dist/tex/latex/graphics-cfg/graphics.cfg
File: graphics.cfg 2016/06/04 v1.11 sample graphics configuration
)
Package graphics Info: Driver file: pdftex.def on input line 99.
)
\Gin@req@height=\dimen111
\Gin@req@width=\dimen112
)
(c:/texlive/2019/texmf-dist/tex/latex/psfrag/psfrag.sty
Package: psfrag 1998/04/11 v3.04 PSfrag (MCG)
\pfg@pcount=\count88
\pfg@scount=\count89
\pfg@temp=\write3
)
(c:/texlive/2019/texmf-dist/tex/latex/amsmath/amsmath.sty
Package: amsmath 2018/12/01 v2.17b AMS math features
\@mathmargin=\skip42

For additional information on amsmath, use the `?' option.
(c:/texlive/2019/texmf-dist/tex/latex/amsmath/amstext.sty
Package: amstext 2000/06/29 v2.01 AMS text

(c:/texlive/2019/texmf-dist/tex/latex/amsmath/amsgen.sty
File: amsgen.sty 1999/11/30 v2.0 generic functions
\@emptytoks=\toks16
\ex@=\dimen113
))
(c:/texlive/2019/texmf-dist/tex/latex/amsmath/amsbsy.sty
Package: amsbsy 1999/11/29 v1.2d Bold Symbols
\pmbraise@=\dimen114
)
(c:/texlive/2019/texmf-dist/tex/latex/amsmath/amsopn.sty
Package: amsopn 2016/03/08 v2.02 operator names
)
\inf@bad=\count90
LaTeX Info: Redefining \frac on input line 223.
\uproot@=\count91
\leftroot@=\count92
LaTeX Info: Redefining \overline on input line 385.
\classnum@=\count93
\DOTSCASE@=\count94
LaTeX Info: Redefining \ldots on input line 482.
LaTeX Info: Redefining \dots on input line 485.
LaTeX Info: Redefining \cdots on input line 606.
\Mathstrutbox@=\box27
\strutbox@=\box28
\big@size=\dimen115
LaTeX Font Info:    Redeclaring font encoding OML on input line 729.
LaTeX Font Info:    Redeclaring font encoding OMS on input line 730.
\macc@depth=\count95
\c@MaxMatrixCols=\count96
\dotsspace@=\muskip10
\c@parentequation=\count97
\dspbrk@lvl=\count98
\tag@help=\toks17
\row@=\count99
\column@=\count100
\maxfields@=\count101
\andhelp@=\toks18
\eqnshift@=\dimen116
\alignsep@=\dimen117
\tagshift@=\dimen118
\tagwidth@=\dimen119
\totwidth@=\dimen120
\lineht@=\dimen121
\@envbody=\toks19
\multlinegap=\skip43
\multlinetaggap=\skip44
\mathdisplay@stack=\toks20
LaTeX Info: Redefining \[ on input line 2844.
LaTeX Info: Redefining \] on input line 2845.
)
(c:/texlive/2019/texmf-dist/tex/latex/amsfonts/amsfonts.sty
Package: amsfonts 2013/01/14 v3.01 Basic AMSFonts support
\symAMSa=\mathgroup11
\symAMSb=\mathgroup12
LaTeX Font Info:    Overwriting math alphabet `\mathfrak' in version `bold'
(Font)                  U/euf/m/n --> U/euf/b/n on input line 106.
)
(c:/texlive/2019/texmf-dist/tex/latex/amsfonts/amssymb.sty
Package: amssymb 2013/01/14 v3.01 AMS font symbols
)
(c:/texlive/2019/texmf-dist/tex/latex/easy/easybmat.sty
Document Style `easybmat' v1.0 <2001/06/13>.
(c:/texlive/2019/texmf-dist/tex/latex/easy/easy.sty
Document Style `easy' v1.1 <2001/05/31>.
Package: easy 2001/05/31 v1.1
\@easy@level=\count102
\@easy@ncol=\count103
\@easy@nrow=\count104
\@easy@cnt=\count105
\@easy@boxviii=\box29
\@easy@minxviii=\dimen122
\@easy@minyviii=\dimen123
\@easy@maxxviii=\dimen124
\@easy@maxyviii=\dimen125
\@easy@boxvii=\box30
\@easy@minxvii=\dimen126
\@easy@minyvii=\dimen127
\@easy@maxxvii=\dimen128
\@easy@maxyvii=\dimen129
\@easy@boxvi=\box31
\@easy@minxvi=\dimen130
\@easy@minyvi=\dimen131
\@easy@maxxvi=\dimen132
\@easy@maxyvi=\dimen133
\@easy@boxv=\box32
\@easy@minxv=\dimen134
\@easy@minyv=\dimen135
\@easy@maxxv=\dimen136
\@easy@maxyv=\dimen137
\@easy@boxiv=\box33
\@easy@minxiv=\dimen138
\@easy@minyiv=\dimen139
\@easy@maxxiv=\dimen140
\@easy@maxyiv=\dimen141
\@easy@boxiii=\box34
\@easy@minxiii=\dimen142
\@easy@minyiii=\dimen143
\@easy@maxxiii=\dimen144
\@easy@maxyiii=\dimen145
\@easy@boxii=\box35
\@easy@minxii=\dimen146
\@easy@minyii=\dimen147
\@easy@maxxii=\dimen148
\@easy@maxyii=\dimen149
\@easy@boxi=\box36
\@easy@minxi=\dimen150
\@easy@minyi=\dimen151
\@easy@maxxi=\dimen152
\@easy@maxyi=\dimen153
\@easy@hsizexxx=\dimen154
\@easy@vsizexxx=\dimen155
\@easy@hsizexxix=\dimen156
\@easy@vsizexxix=\dimen157
\@easy@hsizexxviii=\dimen158
\@easy@vsizexxviii=\dimen159
\@easy@hsizexxvii=\dimen160
\@easy@vsizexxvii=\dimen161
\@easy@hsizexxvi=\dimen162
\@easy@vsizexxvi=\dimen163
\@easy@hsizexxv=\dimen164
\@easy@vsizexxv=\dimen165
\@easy@hsizexxiv=\dimen166
\@easy@vsizexxiv=\dimen167
\@easy@hsizexxiii=\dimen168
\@easy@vsizexxiii=\dimen169
\@easy@hsizexxii=\dimen170
\@easy@vsizexxii=\dimen171
\@easy@hsizexxi=\dimen172
\@easy@vsizexxi=\dimen173
\@easy@hsizexx=\dimen174
\@easy@vsizexx=\dimen175
\@easy@hsizexix=\dimen176
\@easy@vsizexix=\dimen177
\@easy@hsizexviii=\dimen178
\@easy@vsizexviii=\dimen179
\@easy@hsizexvii=\dimen180
\@easy@vsizexvii=\dimen181
\@easy@hsizexvi=\dimen182
\@easy@vsizexvi=\dimen183
\@easy@hsizexv=\dimen184
\@easy@vsizexv=\dimen185
\@easy@hsizexiv=\dimen186
\@easy@vsizexiv=\dimen187
\@easy@hsizexiii=\dimen188
\@easy@vsizexiii=\dimen189
\@easy@hsizexii=\dimen190
\@easy@vsizexii=\dimen191
\@easy@hsizexi=\dimen192
\@easy@vsizexi=\dimen193
\@easy@hsizex=\dimen194
\@easy@vsizex=\dimen195
\@easy@hsizeix=\dimen196
\@easy@vsizeix=\dimen197
\@easy@hsizeviii=\dimen198
\@easy@vsizeviii=\dimen199
\@easy@hsizevii=\dimen256
\@easy@vsizevii=\dimen257
\@easy@hsizevi=\dimen258
\@easy@vsizevi=\dimen259
\@easy@hsizev=\dimen260
\@easy@vsizev=\dimen261
\@easy@hsizeiv=\dimen262
\@easy@vsizeiv=\dimen263
\@easy@hsizeiii=\dimen264
\@easy@vsizeiii=\dimen265
\@easy@hsizeii=\dimen266
\@easy@vsizeii=\dimen267
\@easy@hsizei=\dimen268
\@easy@vsizei=\dimen269
\@easy@dash@len=\dimen270
\@easy@dash@sep=\dimen271
)
Package: easybmat 2001/05/31 v1.1
\@bmat@size@rule=\dimen272
\@bmat@size@dash=\dimen273
) (c:/texlive/2019/texmf-dist/tex/latex/url/url.sty
\Urlmuskip=\muskip11
Package: url 2013/09/16  ver 3.4  Verb mode for urls, etc.
)
(c:/texlive/2019/texmf-dist/tex/latex/cite/cite.sty
LaTeX Info: Redefining \cite on input line 302.
LaTeX Info: Redefining \nocite on input line 332.
Package: cite 2015/02/27  v 5.5
)
\c@lemma=\count106
 (./macros_1.tex
\c@definition=\count107
\c@prop=\count108
\c@thm=\count109
)
(./bibmacros.tex) (c:/texlive/2019/texmf-dist/tex/latex/multirow/multirow.sty
Package: multirow 2019/05/31 v2.5 Span multiple rows of a table
\multirow@colwidth=\skip45
\multirow@cntb=\count110
\multirow@dima=\skip46
\bigstrutjot=\dimen274
)
(c:/texlive/2019/texmf-dist/tex/latex/hyperref/hyperref.sty
Package: hyperref 2019/06/12 v6.88h Hypertext links for LaTeX

(c:/texlive/2019/texmf-dist/tex/generic/oberdiek/hobsub-hyperref.sty
Package: hobsub-hyperref 2016/05/16 v1.14 Bundle oberdiek, subset hyperref (HO)


(c:/texlive/2019/texmf-dist/tex/generic/oberdiek/hobsub-generic.sty
Package: hobsub-generic 2016/05/16 v1.14 Bundle oberdiek, subset generic (HO)
Package: hobsub 2016/05/16 v1.14 Construct package bundles (HO)
Package: infwarerr 2016/05/16 v1.4 Providing info/warning/error messages (HO)
Package: ltxcmds 2016/05/16 v1.23 LaTeX kernel commands for general use (HO)
Package: ifluatex 2016/05/16 v1.4 Provides the ifluatex switch (HO)
Package ifluatex Info: LuaTeX not detected.
Package hobsub Info: Skipping package `ifvtex' (already loaded).
Package: intcalc 2016/05/16 v1.2 Expandable calculations with integers (HO)
Package hobsub Info: Skipping package `ifpdf' (already loaded).
Package: etexcmds 2016/05/16 v1.6 Avoid name clashes with e-TeX commands (HO)
Package: kvsetkeys 2016/05/16 v1.17 Key value parser (HO)
Package: kvdefinekeys 2016/05/16 v1.4 Define keys (HO)
Package: pdftexcmds 2019/07/25 v0.30 Utility functions of pdfTeX for LuaTeX (HO
)
Package pdftexcmds Info: LuaTeX not detected.
Package pdftexcmds Info: \pdf@primitive is available.
Package pdftexcmds Info: \pdf@ifprimitive is available.
Package pdftexcmds Info: \pdfdraftmode found.
Package: pdfescape 2016/05/16 v1.14 Implements pdfTeX's escape features (HO)
Package: bigintcalc 2016/05/16 v1.4 Expandable calculations on big integers (HO
)
Package: bitset 2016/05/16 v1.2 Handle bit-vector datatype (HO)
Package: uniquecounter 2016/05/16 v1.3 Provide unlimited unique counter (HO)
)
Package hobsub Info: Skipping package `hobsub' (already loaded).
Package: letltxmacro 2016/05/16 v1.5 Let assignment for LaTeX macros (HO)
Package: hopatch 2016/05/16 v1.3 Wrapper for package hooks (HO)
Package: xcolor-patch 2016/05/16 xcolor patch
Package: atveryend 2016/05/16 v1.9 Hooks at the very end of document (HO)
Package atveryend Info: \enddocument detected (standard20110627).
Package: atbegshi 2016/06/09 v1.18 At begin shipout hook (HO)
Package: refcount 2016/05/16 v3.5 Data extraction from label references (HO)
Package: hycolor 2016/05/16 v1.8 Color options for hyperref/bookmark (HO)
)
(c:/texlive/2019/texmf-dist/tex/latex/oberdiek/auxhook.sty
Package: auxhook 2016/05/16 v1.4 Hooks for auxiliary files (HO)
)
(c:/texlive/2019/texmf-dist/tex/latex/oberdiek/kvoptions.sty
Package: kvoptions 2016/05/16 v3.12 Key value format for package options (HO)
)
\@linkdim=\dimen275
\Hy@linkcounter=\count111
\Hy@pagecounter=\count112

(c:/texlive/2019/texmf-dist/tex/latex/hyperref/pd1enc.def
File: pd1enc.def 2019/06/12 v6.88h Hyperref: PDFDocEncoding definition (HO)
Now handling font encoding PD1 ...
... no UTF-8 mapping file for font encoding PD1
)
\Hy@SavedSpaceFactor=\count113

(c:/texlive/2019/texmf-dist/tex/latex/latexconfig/hyperref.cfg
File: hyperref.cfg 2002/06/06 v1.2 hyperref configuration of TeXLive
)
Package hyperref Info: Hyper figures OFF on input line 4550.
Package hyperref Info: Link nesting OFF on input line 4555.
Package hyperref Info: Hyper index ON on input line 4558.
Package hyperref Info: Plain pages OFF on input line 4565.
Package hyperref Info: Backreferencing OFF on input line 4570.
Package hyperref Info: Implicit mode ON; LaTeX internals redefined.
Package hyperref Info: Bookmarks ON on input line 4803.
\c@Hy@tempcnt=\count114
LaTeX Info: Redefining \url on input line 5156.
\XeTeXLinkMargin=\dimen276
\Fld@menulength=\count115
\Field@Width=\dimen277
\Fld@charsize=\dimen278
Package hyperref Info: Hyper figures OFF on input line 6411.
Package hyperref Info: Link nesting OFF on input line 6416.
Package hyperref Info: Hyper index ON on input line 6419.
Package hyperref Info: backreferencing OFF on input line 6426.
Package hyperref Info: Link coloring OFF on input line 6431.
Package hyperref Info: Link coloring with OCG OFF on input line 6436.
Package hyperref Info: PDF/A mode OFF on input line 6441.
LaTeX Info: Redefining \ref on input line 6481.
LaTeX Info: Redefining \pageref on input line 6485.
\Hy@abspage=\count116
\c@Item=\count117
\c@Hfootnote=\count118
)
Package hyperref Info: Driver (autodetected): hpdftex.

(c:/texlive/2019/texmf-dist/tex/latex/hyperref/hpdftex.def
File: hpdftex.def 2019/06/12 v6.88h Hyperref driver for pdfTeX
\Fld@listcount=\count119
\c@bookmark@seq@number=\count120

(c:/texlive/2019/texmf-dist/tex/latex/oberdiek/rerunfilecheck.sty
Package: rerunfilecheck 2016/05/16 v1.8 Rerun checks for auxiliary files (HO)
Package uniquecounter Info: New unique counter `rerunfilecheck' on input line 2
82.
)
\Hy@SectionHShift=\skip47
)

LaTeX Warning: Unused global option(s):
    [letterpaper].

(./aeroconf2020_v2_kpv.aux)
\openout1 = `aeroconf2020_v2_kpv.aux'.

LaTeX Font Info:    Checking defaults for OML/cmm/m/it on input line 11.
LaTeX Font Info:    ... okay on input line 11.
LaTeX Font Info:    Checking defaults for T1/cmr/m/n on input line 11.
LaTeX Font Info:    ... okay on input line 11.
LaTeX Font Info:    Checking defaults for OT1/cmr/m/n on input line 11.
LaTeX Font Info:    ... okay on input line 11.
LaTeX Font Info:    Checking defaults for OMS/cmsy/m/n on input line 11.
LaTeX Font Info:    ... okay on input line 11.
LaTeX Font Info:    Checking defaults for OMX/cmex/m/n on input line 11.
LaTeX Font Info:    ... okay on input line 11.
LaTeX Font Info:    Checking defaults for U/cmr/m/n on input line 11.
LaTeX Font Info:    ... okay on input line 11.
LaTeX Font Info:    Checking defaults for PD1/pdf/m/n on input line 11.
LaTeX Font Info:    ... okay on input line 11.
LaTeX Font Info:    Try loading font information for OT1+ptm on input line 11.

(c:/texlive/2019/texmf-dist/tex/latex/psnfss/ot1ptm.fd
File: ot1ptm.fd 2001/06/04 font definitions for OT1/ptm.
)
(c:/texlive/2019/texmf-dist/tex/context/base/mkii/supp-pdf.mkii
[Loading MPS to PDF converter (version 2006.09.02).]
\scratchcounter=\count121
\scratchdimen=\dimen279
\scratchbox=\box37
\nofMPsegments=\count122
\nofMParguments=\count123
\everyMPshowfont=\toks21
\MPscratchCnt=\count124
\MPscratchDim=\dimen280
\MPnumerator=\count125
\makeMPintoPDFobject=\count126
\everyMPtoPDFconversion=\toks22
) (c:/texlive/2019/texmf-dist/tex/latex/oberdiek/epstopdf-base.sty
Package: epstopdf-base 2016/05/15 v2.6 Base part for package epstopdf

(c:/texlive/2019/texmf-dist/tex/latex/oberdiek/grfext.sty
Package: grfext 2016/05/16 v1.2 Manage graphics extensions (HO)
)
Package epstopdf-base Info: Redefining graphics rule for `.eps' on input line 4
38.
Package grfext Info: Graphics extension search list:
(grfext)             [.pdf,.png,.jpg,.mps,.jpeg,.jbig2,.jb2,.PDF,.PNG,.JPG,.JPE
G,.JBIG2,.JB2,.eps]
(grfext)             \AppendGraphicsExtensions on input line 456.

(c:/texlive/2019/texmf-dist/tex/latex/latexconfig/epstopdf-sys.cfg
File: epstopdf-sys.cfg 2010/07/13 v1.3 Configuration of (r)epstopdf for TeX Liv
e
))
*geometry* driver: auto-detecting
*geometry* detected driver: pdftex
*geometry* verbose mode - [ preamble ] result:
* driver: pdftex
* paper: letterpaper
* layout: <same size as paper>
* layoutoffset:(h,v)=(0.0pt,0.0pt)
* modes: twoside 
* h-part:(L,W,R)=(54.2025pt, 505.89pt, 54.2025pt)
* v-part:(T,H,B)=(50.58878pt, 686.565pt, 57.81621pt)
* \paperwidth=614.295pt
* \paperheight=794.96999pt
* \textwidth=505.89pt
* \textheight=686.565pt
* \oddsidemargin=-18.06749pt
* \evensidemargin=-18.06749pt
* \topmargin=-21.68121pt
* \headheight=0.0pt
* \headsep=0.0pt
* \topskip=10.0pt
* \footskip=19.91692pt
* \marginparwidth=0.0pt
* \marginparsep=0.0pt
* \columnsep=18.06749pt
* \skip\footins=10.0pt plus 4.0pt minus 2.0pt
* \hoffset=0.0pt
* \voffset=0.0pt
* \mag=1000
* \@twocolumntrue
* \@twosidetrue
* \@mparswitchtrue
* \@reversemarginfalse
* (1in=72.27pt=25.4mm, 1cm=28.453pt)

\AtBeginShipoutBox=\box38
Package hyperref Info: Link coloring OFF on input line 11.
(c:/texlive/2019/texmf-dist/tex/latex/hyperref/nameref.sty
Package: nameref 2016/05/21 v2.44 Cross-referencing by name of section

(c:/texlive/2019/texmf-dist/tex/generic/oberdiek/gettitlestring.sty
Package: gettitlestring 2016/05/16 v1.5 Cleanup title references (HO)
)
\c@section@level=\count127
)
LaTeX Info: Redefining \ref on input line 11.
LaTeX Info: Redefining \pageref on input line 11.
LaTeX Info: Redefining \nameref on input line 11.

(./aeroconf2020_v2_kpv.out) (./aeroconf2020_v2_kpv.out)
\@outlinefile=\write4
\openout4 = `aeroconf2020_v2_kpv.out'.

LaTeX Font Info:    Font shape `OT1/ptm/bx/n' in size <20.74> not available
(Font)              Font shape `OT1/ptm/b/n' tried instead on input line 28.
LaTeX Font Info:    Font shape `OT1/ptm/bx/n' in size <10> not available
(Font)              Font shape `OT1/ptm/b/n' tried instead on input line 28.
LaTeX Font Info:    Try loading font information for U+msa on input line 28.

(c:/texlive/2019/texmf-dist/tex/latex/amsfonts/umsa.fd
File: umsa.fd 2013/01/14 v3.01 AMS symbols A
)
LaTeX Font Info:    Try loading font information for U+msb on input line 28.

(c:/texlive/2019/texmf-dist/tex/latex/amsfonts/umsb.fd
File: umsb.fd 2013/01/14 v3.01 AMS symbols B
)
LaTeX Font Info:    Try loading font information for OMS+ptm on input line 28.

(c:/texlive/2019/texmf-dist/tex/latex/psnfss/omsptm.fd
File: omsptm.fd 
)
LaTeX Font Warning: Font shape `OMS/ptm/bx/n' undefined
(Font)              using `OMS/ptm/m/n' instead
(Font)              for symbol `textbraceleft' on input line 28.
LaTeX Font Info:    Font shape `OMS/ptm/m/n' in size <10> not available
(Font)              Font shape `OMS/cmsy/m/n' tried instead on input line 28.
LaTeX Font Info:    Font shape `OMS/ptm/bx/n' in size <10> not available
(Font)              Font shape `OMS/cmsy/m/n' tried instead on input line 28.
LaTeX Font Info:    Font shape `OMS/ptm/m/n' in size <8> not available
(Font)              Font shape `OMS/cmsy/m/n' tried instead on input line 28.
LaTeX Font Info:    Font shape `OT1/ptm/bx/n' in size <9> not available
(Font)              Font shape `OT1/ptm/b/n' tried instead on input line 32.
LaTeX Font Info:    Font shape `OT1/ptm/bx/it' in size <9> not available
(Font)              Font shape `OT1/ptm/b/it' tried instead on input line 33.
LaTeX Font Info:    Font shape `OT1/ptm/bx/n' in size <12> not available
(Font)              Font shape `OT1/ptm/b/n' tried instead on input line 37.
LaTeX Font Info:    Font shape `OT1/ptm/bx/sc' in size <12> not available
(Font)              Font shape `OT1/ptm/b/sc' tried instead on input line 37.

(./aeroconf2020_v2_kpv.toc
LaTeX Font Info:    Font shape `OT1/ptm/bx/sc' in size <10> not available
(Font)              Font shape `OT1/ptm/b/sc' tried instead on input line 2.
)
\tf@toc=\write5
\openout5 = `aeroconf2020_v2_kpv.toc'.

LaTeX Font Info:    Font shape `U/lasy/b/n' in size <7> not available
(Font)              Font shape `U/lasy/m/n' tried instead on input line 80.
LaTeX Font Info:    Font shape `U/lasy/b/n' in size <5> not available
(Font)              Font shape `U/lasy/m/n' tried instead on input line 80.

Underfull \vbox (badness 3635) has occurred while \output is active []

 [1
Non-PDF special ignored!
<special> header=psfrag.pro
{c:/texlive/2019/texmf-var/fonts/map/pdftex/updmap/pdftex.map}


]

LaTeX Warning: Reference `stabf1f2' on page 2 undefined on input line 115.

<figs/stablef1f2.png, id=87, 353.52075pt x 305.34074pt>
File: figs/stablef1f2.png Graphic file (type png)
<use figs/stablef1f2.png>
Package pdftex.def Info: figs/stablef1f2.png  used on input line 119.
(pdftex.def)             Requested size: 119.85458pt x 152.67pt.

LaTeX Warning: Reference `heatmap' on page 2 undefined on input line 122.

<figs/heatmap.png, id=89, 395.076pt x 299.31825pt>
File: figs/heatmap.png Graphic file (type png)
<use figs/heatmap.png>
Package pdftex.def Info: figs/heatmap.png  used on input line 124.
(pdftex.def)             Requested size: 140.63216pt x 149.65875pt.
[2 <./figs/stablef1f2.PNG> <./figs/heatmap.PNG>]
Underfull \hbox (badness 10000) in paragraph at lines 180--181

 []


Underfull \vbox (badness 1112) has occurred while \output is active []

 [3]
Overfull \hbox (20.52615pt too wide) in paragraph at lines 242--252
[][] 
 []


Overfull \hbox (20.52615pt too wide) in paragraph at lines 259--269
[][] 
 []

LaTeX Font Info:    Try loading font information for OT1+pcr on input line 283.

(c:/texlive/2019/texmf-dist/tex/latex/psnfss/ot1pcr.fd
File: ot1pcr.fd 2001/06/04 font definitions for OT1/pcr.
)
(./aeroconf2020_v2_kpv.bbl) [4]
<figs/grootveld.jpg, id=123, 578.16pt x 723.70375pt>
File: figs/grootveld.jpg Graphic file (type jpg)
<use figs/grootveld.jpg>
Package pdftex.def Info: figs/grootveld.jpg  used on input line 297.
(pdftex.def)             Requested size: 71.13177pt x 91.048pt.
LaTeX Font Info:    Font shape `OT1/ptm/bx/it' in size <10> not available
(Font)              Font shape `OT1/ptm/b/it' tried instead on input line 297.
<figs/bugayev.jpg, id=124, 1084.05pt x 1355.0625pt>
File: figs/bugayev.jpg Graphic file (type jpg)
<use figs/bugayev.jpg>
Package pdftex.def Info: figs/bugayev.jpg  used on input line 303.
(pdftex.def)             Requested size: 71.12737pt x 91.0389pt.
<figs/klein.jpg, id=125, 537.4479pt x 671.8701pt>
File: figs/klein.jpg Graphic file (type jpg)
<use figs/klein.jpg>
Package pdftex.def Info: figs/klein.jpg  used on input line 309.
(pdftex.def)             Requested size: 71.1254pt x 91.0471pt.

Underfull \hbox (badness 1158) in paragraph at lines 309--321
  []\OT1/ptm/b/it/10 Andrew G. Klein \OT1/ptm/m/it/10 re-ceived the B.S.
 []


Underfull \hbox (badness 1917) in paragraph at lines 309--321
\OT1/ptm/m/it/10 NY, USA, the M.S. de-gree from the
 []

<figs/brown.jpg, id=126, 72.45067pt x 90.3375pt>
File: figs/brown.jpg Graphic file (type jpg)
<use figs/brown.jpg>
Package pdftex.def Info: figs/brown.jpg  used on input line 324.
(pdftex.def)             Requested size: 71.13602pt x 91.04991pt.
<figs/kpv.PNG, id=127, 255.95625pt x 261.97874pt>
File: figs/kpv.PNG Graphic file (type png)
<use figs/kpv.PNG>
Package pdftex.def Info: figs/kpv.PNG  used on input line 338.
(pdftex.def)             Requested size: 71.13219pt x 91.04634pt.
Package atveryend Info: Empty hook `BeforeClearDocument' on input line 342.
[5

 <./figs/grootveld.jpg> <./figs/bugayev.jpg> <./figs/klein.jpg> <./figs/brown.j
pg> <./figs/kpv.PNG>]
Package atveryend Info: Empty hook `AfterLastShipout' on input line 342.
 (./aeroconf2020_v2_kpv.aux)
Package atveryend Info: Executing hook `AtVeryEndDocument' on input line 342.
Package atveryend Info: Executing hook `AtEndAfterFileList' on input line 342.
Package rerunfilecheck Info: File `aeroconf2020_v2_kpv.out' has not changed.
(rerunfilecheck)             Checksum: 9F85A39DA7AA9ECE85279D9540A92903;493.
LaTeX Font Warning: Some font shapes were not available, defaults substituted.


LaTeX Warning: There were undefined references.

Package atveryend Info: Empty hook `AtVeryVeryEnd' on input line 342.
 )
(\end occurred when \ifx on line 124 was incomplete)
(\end occurred when \ifx on line 119 was incomplete) 
Here is how much of TeX's memory you used:
 7360 strings out of 492609
 104286 string characters out of 6132818
 220021 words of memory out of 5000000
 11062 multiletter control sequences out of 15000+600000
 53406 words of font info for 148 fonts, out of 8000000 for 9000
 1141 hyphenation exceptions out of 8191
 30i,21n,28p,932b,341s stack positions out of 5000i,500n,10000p,200000b,80000s
{c:/texlive/2019/texmf-dist
/fonts/enc/dvips/base/8r.enc}<c:/texlive/2019/texmf-dist/fonts/type1/public/ams
fonts/cm/cmex10.pfb><c:/texlive/2019/texmf-dist/fonts/type1/public/amsfonts/cm/
cmmi10.pfb><c:/texlive/2019/texmf-dist/fonts/type1/public/amsfonts/cm/cmmi7.pfb
><c:/texlive/2019/texmf-dist/fonts/type1/public/amsfonts/cm/cmmi8.pfb><c:/texli
ve/2019/texmf-dist/fonts/type1/public/amsfonts/cm/cmmib10.pfb><c:/texlive/2019/
texmf-dist/fonts/type1/public/amsfonts/cm/cmr10.pfb><c:/texlive/2019/texmf-dist
/fonts/type1/public/amsfonts/cm/cmr7.pfb><c:/texlive/2019/texmf-dist/fonts/type
1/public/amsfonts/cm/cmr8.pfb><c:/texlive/2019/texmf-dist/fonts/type1/public/am
sfonts/cm/cmsy10.pfb><c:/texlive/2019/texmf-dist/fonts/type1/public/amsfonts/cm
/cmsy7.pfb><c:/texlive/2019/texmf-dist/fonts/type1/public/amsfonts/cm/cmsy8.pfb
><c:/texlive/2019/texmf-dist/fonts/type1/urw/courier/ucrr8a.pfb><c:/texlive/201
9/texmf-dist/fonts/type1/urw/times/utmb8a.pfb><c:/texlive/2019/texmf-dist/fonts
/type1/urw/times/utmbi8a.pfb><c:/texlive/2019/texmf-dist/fonts/type1/urw/times/
utmr8a.pfb><c:/texlive/2019/texmf-dist/fonts/type1/urw/times/utmri8a.pfb>
Output written on aeroconf2020_v2_kpv.pdf (5 pages, 2676290 bytes).
PDF statistics:
 197 PDF objects out of 1000 (max. 8388607)
 162 compressed objects within 2 object streams
 37 named destinations out of 1000 (max. 500000)
 116 words of extra memory for PDF output out of 10000 (max. 10000000)

